<?xml version="1.0" encoding="UTF-8"?>
<testng-results ignored="0" total="3" passed="3" failed="0" skipped="0">
  <reporter-output>
    <line>
      <![CDATA[Open alert page]]>
    </line>
    <line>
      <![CDATA[return to home page]]>
    </line>
    <line>
      <![CDATA[Clicking confirmation alert button]]>
    </line>
    <line>
      <![CDATA[switch to alert]]>
    </line>
    <line>
      <![CDATA[get text from alert]]>
    </line>
    <line>
      <![CDATA[accept alert]]>
    </line>
    <line>
      <![CDATA[return to home page]]>
    </line>
    <line>
      <![CDATA[Clicking prompt alert button]]>
    </line>
    <line>
      <![CDATA[switch to alert]]>
    </line>
    <line>
      <![CDATA[get text from alert]]>
    </line>
    <line>
      <![CDATA[enter value to alert]]>
    </line>
    <line>
      <![CDATA[dismiss alert]]>
    </line>
    <line>
      <![CDATA[return to home page]]>
    </line>
    <line>
      <![CDATA[Clicking simple alert button]]>
    </line>
    <line>
      <![CDATA[switch to alert]]>
    </line>
    <line>
      <![CDATA[get text from alert]]>
    </line>
    <line>
      <![CDATA[close browser]]>
    </line>
  </reporter-output>
  <suite started-at="2024-06-10T02:00:55 IST" name="Suite" finished-at="2024-06-10T02:01:03 IST" duration-ms="7409">
    <groups>
    </groups>
    <test started-at="2024-06-10T02:00:55 IST" name="Test" finished-at="2024-06-10T02:01:03 IST" duration-ms="7409">
      <class name="Activity9">
        <test-method is-config="true" signature="setUp()[pri:0, instance:Activity9@4313f5bc]" started-at="2024-06-10T02:00:55 IST" name="setUp" finished-at="2024-06-10T02:01:01 IST" duration-ms="5921" status="PASS">
          <reporter-output>
            <line>
              <![CDATA[Open alert page]]>
            </line>
          </reporter-output>
        </test-method> <!-- setUp -->
        <test-method is-config="true" signature="backHomePage()[pri:0, instance:Activity9@4313f5bc]" started-at="2024-06-10T02:01:01 IST" name="backHomePage" finished-at="2024-06-10T02:01:01 IST" duration-ms="68" status="PASS">
          <reporter-output>
            <line>
              <![CDATA[return to home page]]>
            </line>
          </reporter-output>
        </test-method> <!-- backHomePage -->
        <test-method signature="confirmAlertTestCase()[pri:0, instance:Activity9@4313f5bc]" started-at="2024-06-10T02:01:01 IST" name="confirmAlertTestCase" finished-at="2024-06-10T02:01:02 IST" duration-ms="162" status="PASS">
          <reporter-output>
            <line>
              <![CDATA[Clicking confirmation alert button]]>
            </line>
            <line>
              <![CDATA[switch to alert]]>
            </line>
            <line>
              <![CDATA[get text from alert]]>
            </line>
            <line>
              <![CDATA[accept alert]]>
            </line>
          </reporter-output>
        </test-method> <!-- confirmAlertTestCase -->
        <test-method is-config="true" signature="backHomePage()[pri:0, instance:Activity9@4313f5bc]" started-at="2024-06-10T02:01:02 IST" name="backHomePage" finished-at="2024-06-10T02:01:02 IST" duration-ms="31" status="PASS">
          <reporter-output>
            <line>
              <![CDATA[return to home page]]>
            </line>
          </reporter-output>
        </test-method> <!-- backHomePage -->
        <test-method signature="promptAlertTestCase()[pri:0, instance:Activity9@4313f5bc]" started-at="2024-06-10T02:01:02 IST" name="promptAlertTestCase" finished-at="2024-06-10T02:01:02 IST" duration-ms="148" status="PASS">
          <reporter-output>
            <line>
              <![CDATA[Clicking prompt alert button]]>
            </line>
            <line>
              <![CDATA[switch to alert]]>
            </line>
            <line>
              <![CDATA[get text from alert]]>
            </line>
            <line>
              <![CDATA[enter value to alert]]>
            </line>
            <line>
              <![CDATA[dismiss alert]]>
            </line>
          </reporter-output>
        </test-method> <!-- promptAlertTestCase -->
        <test-method is-config="true" signature="backHomePage()[pri:0, instance:Activity9@4313f5bc]" started-at="2024-06-10T02:01:02 IST" name="backHomePage" finished-at="2024-06-10T02:01:02 IST" duration-ms="34" status="PASS">
          <reporter-output>
            <line>
              <![CDATA[return to home page]]>
            </line>
          </reporter-output>
        </test-method> <!-- backHomePage -->
        <test-method signature="simpleAlertTestCase()[pri:0, instance:Activity9@4313f5bc]" started-at="2024-06-10T02:01:02 IST" name="simpleAlertTestCase" finished-at="2024-06-10T02:01:02 IST" duration-ms="80" status="PASS">
          <reporter-output>
            <line>
              <![CDATA[Clicking simple alert button]]>
            </line>
            <line>
              <![CDATA[switch to alert]]>
            </line>
            <line>
              <![CDATA[get text from alert]]>
            </line>
          </reporter-output>
        </test-method> <!-- simpleAlertTestCase -->
        <test-method is-config="true" signature="tearDown()[pri:0, instance:Activity9@4313f5bc]" started-at="2024-06-10T02:01:02 IST" name="tearDown" finished-at="2024-06-10T02:01:03 IST" duration-ms="912" status="PASS">
          <reporter-output>
            <line>
              <![CDATA[close browser]]>
            </line>
          </reporter-output>
        </test-method> <!-- tearDown -->
      </class> <!-- Activity9 -->
    </test> <!-- Test -->
  </suite> <!-- Suite -->
</testng-results>
